0 info it worked if it ends with ok
1 verbose cli [ 'F:\\SANKET\\Nodejs\\node.exe',
1 verbose cli   'F:\\SANKET\\Nodejs\\node_modules\\npm\\bin\\npm-cli.js',
1 verbose cli   'start' ]
2 info using npm@3.10.10
3 info using node@v6.11.2
4 verbose run-script [ 'prestart', 'start', 'poststart' ]
5 info lifecycle spiderG@0.0.1~prestart: spiderG@0.0.1
6 verbose lifecycle spiderG@0.0.1~prestart: unsafe-perm in lifecycle true
7 verbose lifecycle spiderG@0.0.1~prestart: PATH: F:\SANKET\Nodejs\node_modules\npm\bin\node-gyp-bin;F:\SANKET\programs\Angular\SpiderG-Angular\SpiderG-WebApp-MockUp-Angular\node_modules\.bin;C:\Program Files (x86)\Java\jdk1.8.0_131\bin;C:\Windows\system32;C:\Windows;C:\Windows\System32\Wbem;C:\Windows\System32\WindowsPowerShell\v1.0\;C:\Program Files (x86)\NVIDIA Corporation\PhysX\Common;C:\WINDOWS\system32;C:\WINDOWS;C:\WINDOWS\System32\Wbem;C:\WINDOWS\System32\WindowsPowerShell\v1.0\;C:\Program Files (x86)\Brackets\command;C:\Program Files\Common Files\Autodesk Shared\;F:\SANKET\Nodejs\;C:\Program Files\Git\cmd;C:\Users\INFAMOUS\AppData\Local\Microsoft\WindowsApps;C:\Users\INFAMOUS\AppData\Roaming\npm;C:\Users\INFAMOUS\AppData\Local\atom\bin;C:\Users\INFAMOUS\AppData\Local\GitHubDesktop\bin
8 verbose lifecycle spiderG@0.0.1~prestart: CWD: F:\SANKET\programs\Angular\SpiderG-Angular\SpiderG-WebApp-MockUp-Angular
9 silly lifecycle spiderG@0.0.1~prestart: Args: [ '/d /s /c', 'npm install' ]
10 silly lifecycle spiderG@0.0.1~prestart: Returned: code: 0  signal: null
11 info lifecycle spiderG@0.0.1~start: spiderG@0.0.1
12 verbose lifecycle spiderG@0.0.1~start: unsafe-perm in lifecycle true
13 verbose lifecycle spiderG@0.0.1~start: PATH: F:\SANKET\Nodejs\node_modules\npm\bin\node-gyp-bin;F:\SANKET\programs\Angular\SpiderG-Angular\SpiderG-WebApp-MockUp-Angular\node_modules\.bin;C:\Program Files (x86)\Java\jdk1.8.0_131\bin;C:\Windows\system32;C:\Windows;C:\Windows\System32\Wbem;C:\Windows\System32\WindowsPowerShell\v1.0\;C:\Program Files (x86)\NVIDIA Corporation\PhysX\Common;C:\WINDOWS\system32;C:\WINDOWS;C:\WINDOWS\System32\Wbem;C:\WINDOWS\System32\WindowsPowerShell\v1.0\;C:\Program Files (x86)\Brackets\command;C:\Program Files\Common Files\Autodesk Shared\;F:\SANKET\Nodejs\;C:\Program Files\Git\cmd;C:\Users\INFAMOUS\AppData\Local\Microsoft\WindowsApps;C:\Users\INFAMOUS\AppData\Roaming\npm;C:\Users\INFAMOUS\AppData\Local\atom\bin;C:\Users\INFAMOUS\AppData\Local\GitHubDesktop\bin
14 verbose lifecycle spiderG@0.0.1~start: CWD: F:\SANKET\programs\Angular\SpiderG-Angular\SpiderG-WebApp-MockUp-Angular
15 silly lifecycle spiderG@0.0.1~start: Args: [ '/d /s /c', 'http-server -a localhost -p 8000 -c-1 ./app' ]
16 verbose stack Error: kill ENOSYS
16 verbose stack     at exports._errnoException (util.js:1020:11)
16 verbose stack     at process.kill (internal/process.js:190:13)
16 verbose stack     at process.listener (F:\SANKET\Nodejs\node_modules\npm\node_modules\npmlog\node_modules\gauge\node_modules\signal-exit\index.js:86:15)
16 verbose stack     at emitNone (events.js:91:20)
16 verbose stack     at process.emit (events.js:185:7)
16 verbose stack     at processEmit (F:\SANKET\Nodejs\node_modules\npm\node_modules\npmlog\node_modules\gauge\node_modules\signal-exit\index.js:146:32)
16 verbose stack     at processEmit (F:\SANKET\Nodejs\node_modules\npm\node_modules\npm-registry-client\node_modules\npmlog\node_modules\gauge\node_modules\signal-exit\index.js:146:32)
16 verbose stack     at Signal.wrap.onsignal (internal/process.js:217:44)
17 verbose cwd F:\SANKET\programs\Angular\SpiderG-Angular\SpiderG-WebApp-MockUp-Angular\app
18 error Windows_NT 10.0.15063
19 error argv "F:\\SANKET\\Nodejs\\node.exe" "F:\\SANKET\\Nodejs\\node_modules\\npm\\bin\\npm-cli.js" "start"
20 error node v6.11.2
21 error npm  v3.10.10
22 error code ENOSYS
23 error errno ENOSYS
24 error syscall kill
25 error kill ENOSYS
26 error If you need help, you may report this error at:
26 error     <https://github.com/npm/npm/issues>
27 verbose exit [ 1, true ]
